2022-09-15 20:58:47,131 INFO c.e.d.c.UserController [main] Create user request
2022-09-15 20:58:47,144 INFO c.e.d.c.UserController [main] Create user request successes
2022-09-15 20:58:47,155 INFO c.e.d.c.UserController [main] Create user request
2022-09-15 20:58:47,155 ERROR c.e.d.c.UserController [main] Create user request failures
2022-09-15 20:58:47,159 INFO c.e.d.c.UserController [main] Create user request
2022-09-15 20:58:47,159 ERROR c.e.d.c.UserController [main] Create user request failures
2022-09-15 20:59:19,791 INFO c.e.d.c.UserController [main] Create user request
2022-09-15 20:59:19,804 INFO c.e.d.c.UserController [main] Create user request successes
2022-09-15 20:59:19,816 INFO c.e.d.c.UserController [main] Create user request
2022-09-15 20:59:19,818 ERROR c.e.d.c.UserController [main] Create user request failures
2022-09-15 20:59:19,822 INFO c.e.d.c.UserController [main] Create user request
2022-09-15 20:59:19,823 ERROR c.e.d.c.UserController [main] Create user request failures
2022-09-15 21:07:41,176 INFO c.e.d.c.UserController [main] Create new user!
2022-09-15 21:07:41,190 INFO c.e.d.c.UserController [main] Create new user successfully!
2022-09-15 21:07:41,199 INFO c.e.d.c.UserController [main] Create new user!
2022-09-15 21:07:41,200 INFO c.e.d.c.UserController [main] Create new user successfully!
2022-09-15 21:07:41,213 INFO c.e.d.c.UserController [main] Create new user!
2022-09-15 21:07:41,214 ERROR c.e.d.c.UserController [main] Password or confirm password is invalid!
2022-09-15 21:09:04,642 INFO c.e.d.c.UserController [main] Create new user!
2022-09-15 21:09:04,657 INFO c.e.d.c.UserController [main] Create new user successfully!
2022-09-15 21:09:04,666 INFO c.e.d.c.UserController [main] Create new user!
2022-09-15 21:09:04,667 ERROR c.e.d.c.UserController [main] Password or confirm password is invalid!
2022-09-15 21:09:04,669 INFO c.e.d.c.UserController [main] Create new user!
2022-09-15 21:09:04,670 ERROR c.e.d.c.UserController [main] Password or confirm password is invalid!
2022-09-15 21:09:26,208 INFO c.e.d.c.UserController [main] Create new user!
2022-09-15 21:09:26,221 INFO c.e.d.c.UserController [main] Create new user successfully!
2022-09-15 21:09:26,234 INFO c.e.d.c.UserController [main] Create new user!
2022-09-15 21:09:26,235 ERROR c.e.d.c.UserController [main] Password or confirm password is invalid!
2022-09-15 21:09:26,238 INFO c.e.d.c.UserController [main] Create new user!
2022-09-15 21:09:26,239 ERROR c.e.d.c.UserController [main] Password or confirm password is invalid!
2022-09-15 21:10:29,320 INFO c.e.d.c.UserController [main] Create new user!
2022-09-15 21:10:29,337 INFO c.e.d.c.UserController [main] Create new user successfully!
2022-09-15 21:10:29,347 INFO c.e.d.c.UserController [main] Create new user!
2022-09-15 21:10:29,348 ERROR c.e.d.c.UserController [main] Password or confirm password is invalid!
2022-09-15 21:10:29,352 INFO c.e.d.c.UserController [main] Create new user!
2022-09-15 21:10:29,352 ERROR c.e.d.c.UserController [main] Password or confirm password is invalid!
2022-09-15 22:00:45,688 INFO c.e.d.c.UserController [main] Create new user!
2022-09-15 22:00:45,701 INFO c.e.d.c.UserController [main] Create new user successfully!
2022-09-15 22:00:45,707 INFO c.e.d.c.UserController [main] Create new user!
2022-09-15 22:00:45,707 ERROR c.e.d.c.UserController [main] Password or confirm password is invalid!
2022-09-15 22:00:45,711 INFO c.e.d.c.UserController [main] Create new user!
2022-09-15 22:00:45,711 ERROR c.e.d.c.UserController [main] Password or confirm password is invalid!
2022-09-15 22:01:13,433 INFO c.e.d.c.UserController [main] Create new user!
2022-09-15 22:01:13,448 INFO c.e.d.c.UserController [main] Create new user successfully!
2022-09-15 22:01:13,452 INFO c.e.d.c.UserController [main] Create new user!
2022-09-15 22:01:13,452 ERROR c.e.d.c.UserController [main] Password or confirm password is invalid!
2022-09-15 22:01:13,456 INFO c.e.d.c.UserController [main] Create new user!
2022-09-15 22:01:13,457 ERROR c.e.d.c.UserController [main] Password or confirm password is invalid!
2022-09-15 22:01:29,955 INFO c.e.d.c.UserController [main] Create new user!
2022-09-15 22:01:29,968 INFO c.e.d.c.UserController [main] Create new user successfully!
2022-09-15 22:01:29,971 INFO c.e.d.c.UserController [main] Create new user!
2022-09-15 22:01:29,971 ERROR c.e.d.c.UserController [main] Password or confirm password is invalid!
2022-09-15 22:01:29,974 INFO c.e.d.c.UserController [main] Create new user!
2022-09-15 22:01:29,974 ERROR c.e.d.c.UserController [main] Password or confirm password is invalid!
2022-09-15 22:03:11,561 INFO c.e.d.SareetaApplication [main] Starting SareetaApplication on thanhbtde140273 with PID 14092 (D:\FSOFT_TRAINING\ThanhBT11_P4\nd035-c4-Security-and-DevOps-master\starter_code\target\classes started by USER in D:\FSOFT_TRAINING\ThanhBT11_P4\nd035-c4-Security-and-DevOps-master)
2022-09-15 22:03:11,571 DEBUG c.e.d.SareetaApplication [main] Running with Spring Boot v2.1.5.RELEASE, Spring v5.1.7.RELEASE
2022-09-15 22:03:11,572 INFO c.e.d.SareetaApplication [main] No active profile set, falling back to default profiles: default
2022-09-15 22:04:17,338 INFO c.e.d.SareetaApplication [main] Starting SareetaApplication on thanhbtde140273 with PID 4176 (D:\FSOFT_TRAINING\ThanhBT11_P4\nd035-c4-Security-and-DevOps-master\starter_code\target\classes started by USER in D:\FSOFT_TRAINING\ThanhBT11_P4\nd035-c4-Security-and-DevOps-master)
2022-09-15 22:04:17,355 DEBUG c.e.d.SareetaApplication [main] Running with Spring Boot v2.1.5.RELEASE, Spring v5.1.7.RELEASE
2022-09-15 22:04:17,357 INFO c.e.d.SareetaApplication [main] No active profile set, falling back to default profiles: default
2022-09-15 22:05:10,774 INFO c.e.d.SareetaApplication [main] Starting SareetaApplication on thanhbtde140273 with PID 16876 (D:\FSOFT_TRAINING\ThanhBT11_P4\nd035-c4-Security-and-DevOps-master\starter_code\target\classes started by USER in D:\FSOFT_TRAINING\ThanhBT11_P4\nd035-c4-Security-and-DevOps-master)
2022-09-15 22:05:10,788 DEBUG c.e.d.SareetaApplication [main] Running with Spring Boot v2.1.5.RELEASE, Spring v5.1.7.RELEASE
2022-09-15 22:05:10,791 INFO c.e.d.SareetaApplication [main] No active profile set, falling back to default profiles: default
2022-09-15 22:06:04,560 INFO c.e.d.SareetaApplication [main] Starting SareetaApplication on thanhbtde140273 with PID 18224 (D:\FSOFT_TRAINING\ThanhBT11_P4\nd035-c4-Security-and-DevOps-master\starter_code\target\classes started by USER in D:\FSOFT_TRAINING\ThanhBT11_P4\nd035-c4-Security-and-DevOps-master)
2022-09-15 22:06:04,578 DEBUG c.e.d.SareetaApplication [main] Running with Spring Boot v2.1.5.RELEASE, Spring v5.1.7.RELEASE
2022-09-15 22:06:04,579 INFO c.e.d.SareetaApplication [main] No active profile set, falling back to default profiles: default
2022-09-15 22:07:22,607 INFO c.e.d.SareetaApplication [main] Starting SareetaApplication on thanhbtde140273 with PID 13732 (D:\FSOFT_TRAINING\ThanhBT11_P4\nd035-c4-Security-and-DevOps-master\starter_code\target\classes started by USER in D:\FSOFT_TRAINING\ThanhBT11_P4\nd035-c4-Security-and-DevOps-master)
2022-09-15 22:07:22,619 DEBUG c.e.d.SareetaApplication [main] Running with Spring Boot v2.1.5.RELEASE, Spring v5.1.7.RELEASE
2022-09-15 22:07:22,621 INFO c.e.d.SareetaApplication [main] No active profile set, falling back to default profiles: default
2022-09-15 22:08:20,306 INFO c.e.d.SareetaApplication [main] Starting SareetaApplication on thanhbtde140273 with PID 19736 (D:\FSOFT_TRAINING\ThanhBT11_P4\nd035-c4-Security-and-DevOps-master\starter_code\target\classes started by USER in D:\FSOFT_TRAINING\ThanhBT11_P4\nd035-c4-Security-and-DevOps-master)
2022-09-15 22:08:20,316 DEBUG c.e.d.SareetaApplication [main] Running with Spring Boot v2.1.5.RELEASE, Spring v5.1.7.RELEASE
2022-09-15 22:08:20,317 INFO c.e.d.SareetaApplication [main] No active profile set, falling back to default profiles: default
2022-09-15 22:08:27,030 DEBUG c.e.d.s.JWTAuthenticationVerificationFilter [main] Filter 'JWTAuthenticationVerificationFilter' configured for use
2022-09-15 22:09:01,614 INFO c.e.d.SareetaApplication [main] Starting SareetaApplication on thanhbtde140273 with PID 20672 (D:\FSOFT_TRAINING\ThanhBT11_P4\nd035-c4-Security-and-DevOps-master\starter_code\target\classes started by USER in D:\FSOFT_TRAINING\ThanhBT11_P4\nd035-c4-Security-and-DevOps-master)
2022-09-15 22:09:01,630 DEBUG c.e.d.SareetaApplication [main] Running with Spring Boot v2.1.5.RELEASE, Spring v5.1.7.RELEASE
2022-09-15 22:09:01,632 INFO c.e.d.SareetaApplication [main] No active profile set, falling back to default profiles: default
2022-09-15 22:09:09,171 DEBUG c.e.d.s.JWTAuthenticationVerificationFilter [main] Filter 'JWTAuthenticationVerificationFilter' configured for use
2022-09-15 22:09:57,506 INFO c.e.d.SareetaApplication [main] Starting SareetaApplication on thanhbtde140273 with PID 4868 (D:\FSOFT_TRAINING\ThanhBT11_P4\nd035-c4-Security-and-DevOps-master\starter_code\target\classes started by USER in D:\FSOFT_TRAINING\ThanhBT11_P4\nd035-c4-Security-and-DevOps-master)
2022-09-15 22:09:57,518 DEBUG c.e.d.SareetaApplication [main] Running with Spring Boot v2.1.5.RELEASE, Spring v5.1.7.RELEASE
2022-09-15 22:09:57,520 INFO c.e.d.SareetaApplication [main] No active profile set, falling back to default profiles: default
2022-09-15 22:10:56,328 INFO c.e.d.SareetaApplication [main] Starting SareetaApplication on thanhbtde140273 with PID 21356 (D:\FSOFT_TRAINING\ThanhBT11_P4\nd035-c4-Security-and-DevOps-master\starter_code\target\classes started by USER in D:\FSOFT_TRAINING\ThanhBT11_P4\nd035-c4-Security-and-DevOps-master)
2022-09-15 22:10:56,341 DEBUG c.e.d.SareetaApplication [main] Running with Spring Boot v2.1.5.RELEASE, Spring v5.1.7.RELEASE
2022-09-15 22:10:56,342 INFO c.e.d.SareetaApplication [main] No active profile set, falling back to default profiles: default
2022-09-15 22:11:04,547 DEBUG c.e.d.s.JWTAuthenticationVerificationFilter [main] Filter 'JWTAuthenticationVerificationFilter' configured for use
2022-09-15 22:11:05,742 INFO c.e.d.SareetaApplication [main] Started SareetaApplication in 9.996 seconds (JVM running for 12.176)
2022-09-15 22:11:05,746 INFO c.e.d.SareetaApplication [main] Course4 Application Started!

2022-09-15 22:49:56,634 INFO c.e.d.c.OrderController [main] Submit order by username
2022-09-15 22:49:56,646 ERROR c.e.d.c.OrderController [main] User not found with username [notFound]
2022-09-15 22:49:56,651 INFO c.e.d.c.OrderController [main] Get order list by username
2022-09-15 22:49:56,652 INFO c.e.d.c.OrderController [main] Get order list successfully
2022-09-15 22:49:56,657 INFO c.e.d.c.OrderController [main] Get order list by username
2022-09-15 22:49:56,658 ERROR c.e.d.c.OrderController [main] User not found with username [notFound]
2022-09-15 22:49:56,663 INFO c.e.d.c.OrderController [main] Submit order by username
2022-09-15 22:49:56,664 INFO c.e.d.c.OrderController [main] Submit order successfully
2022-09-15 22:49:56,731 INFO c.e.d.c.UserController [main] Create new user!
2022-09-15 22:49:56,735 INFO c.e.d.c.UserController [main] Create new user successfully!
2022-09-15 22:49:56,740 INFO c.e.d.c.UserController [main] Create new user!
2022-09-15 22:49:56,741 ERROR c.e.d.c.UserController [main] Password or confirm password is invalid!
2022-09-15 22:49:56,746 INFO c.e.d.c.UserController [main] Create new user!
2022-09-15 22:49:56,747 ERROR c.e.d.c.UserController [main] Password or confirm password is invalid!
